{
  "stats": {
    "suites": 1,
    "tests": 3,
    "passes": 2,
    "pending": 0,
    "failures": 1,
    "start": "2022-06-08T21:43:14.304Z",
    "end": "2022-06-08T21:43:44.865Z",
    "duration": 30561,
    "testsRegistered": 3,
    "passPercent": 66.66666666666666,
    "pendingPercent": 0,
    "other": 0,
    "hasOther": false,
    "skipped": 0,
    "hasSkipped": false
  },
  "results": [
    {
      "uuid": "4e8b0921-12cb-4278-93fa-73f863154e1e",
      "title": "",
      "fullFile": "cypress\\e2e\\test2.cy.js",
      "file": "cypress\\e2e\\test2.cy.js",
      "beforeHooks": [],
      "afterHooks": [],
      "tests": [],
      "suites": [
        {
          "uuid": "a475b8a7-def8-46f8-9adf-423da3b2cc88",
          "title": "jenkins pipeline",
          "fullFile": "",
          "file": "",
          "beforeHooks": [],
          "afterHooks": [],
          "tests": [
            {
              "title": "simple test script",
              "fullTitle": "jenkins pipeline simple test script",
              "timedOut": null,
              "duration": 15205,
              "state": "passed",
              "speed": "slow",
              "pass": true,
              "fail": false,
              "pending": false,
              "context": null,
              "code": "cy.get(':nth-child(2) > :nth-child(1) > .card-up').click();\ncy.get(':nth-child(2) > .element-list > .menu-list > #item-0').click();\ncy.get('#firstName').type('test');\ncy.get('#lastName').type('test');\ncy.get('#userEmail').type('test.test@gmail.com');\ncy.get('#genterWrapper > .col-md-9 > :nth-child(1) > .custom-control-label').click();\ncy.get('#userNumber').type('7688879999');\ncy.get('#submit').click({\n  force: true\n});",
              "err": {},
              "uuid": "36c72855-df8a-4259-aca5-5480d04d03e0",
              "parentUUID": "a475b8a7-def8-46f8-9adf-423da3b2cc88",
              "isHook": false,
              "skipped": false
            },
            {
              "title": "simple test script 2",
              "fullTitle": "jenkins pipeline simple test script 2",
              "timedOut": null,
              "duration": 6661,
              "state": "failed",
              "speed": null,
              "pass": false,
              "fail": true,
              "pending": false,
              "context": "{\n  \"title\": \"cypress-mochawesome-reporter-screenshots\",\n  \"value\": [\n    [\n      {\n        \"title\": \"Failed screenshot\",\n        \"value\": \"\\\\test2.cy.js\\\\jenkins pipeline -- simple test script 2 (failed).png\"\n      }\n    ]\n  ]\n}",
              "code": "cy.get(':nth-child(2) > :nth-child(1) > .card-up').click();\ncy.get(':nth-child(2) > .element-list > .menu-list > #item-0').click();\ncy.get('#firstame').type('test');\ncy.get('#lastName').type('test');\ncy.get('#userEmail').type('test.test@gmail.com');\ncy.get('#genterWrapper > .col-md-9 > :nth-child(1) > .custom-control-label').click();\ncy.get('#userNumber').type('7688879999');\ncy.get('#submit').click({\n  force: true\n});",
              "err": {
                "message": "AssertionError: Timed out retrying after 4000ms: Expected to find element: `#firstame`, but never found it.",
                "estack": "AssertionError: Timed out retrying after 4000ms: Expected to find element: `#firstame`, but never found it.\n    at Context.eval (https://demoqa.com/__cypress/tests?p=cypress\\e2e\\test2.cy.js:119:8)",
                "diff": null
              },
              "uuid": "c0ebbb0e-e11a-4ff2-907b-70c65c6d263e",
              "parentUUID": "a475b8a7-def8-46f8-9adf-423da3b2cc88",
              "isHook": false,
              "skipped": false
            },
            {
              "title": "simple test script 3",
              "fullTitle": "jenkins pipeline simple test script 3",
              "timedOut": null,
              "duration": 5276,
              "state": "passed",
              "speed": "medium",
              "pass": true,
              "fail": false,
              "pending": false,
              "context": null,
              "code": "cy.get(':nth-child(2) > :nth-child(1) > .card-up').click();\ncy.get(':nth-child(2) > .element-list > .menu-list > #item-0').click();\ncy.get('#firstName').type('test');\ncy.get('#lastName').type('test');\ncy.get('#userEmail').type('test.test@gmail.com');\ncy.get('#genterWrapper > .col-md-9 > :nth-child(1) > .custom-control-label').click();\ncy.get('#userNumber').type('7688879999');\ncy.get('#submit').click({\n  force: true\n});",
              "err": {},
              "uuid": "c8a1ca23-9056-476d-bca6-bb73df3a3908",
              "parentUUID": "a475b8a7-def8-46f8-9adf-423da3b2cc88",
              "isHook": false,
              "skipped": false
            }
          ],
          "suites": [],
          "passes": [
            "36c72855-df8a-4259-aca5-5480d04d03e0",
            "c8a1ca23-9056-476d-bca6-bb73df3a3908"
          ],
          "failures": [
            "c0ebbb0e-e11a-4ff2-907b-70c65c6d263e"
          ],
          "pending": [],
          "skipped": [],
          "duration": 27142,
          "root": false,
          "rootEmpty": false,
          "_timeout": 2000
        }
      ],
      "passes": [],
      "failures": [],
      "pending": [],
      "skipped": [],
      "duration": 0,
      "root": true,
      "rootEmpty": true,
      "_timeout": 2000
    }
  ],
  "meta": {
    "mocha": {
      "version": "7.0.1"
    },
    "mochawesome": {
      "options": {
        "quiet": false,
        "reportFilename": "mochawesome",
        "saveHtml": true,
        "saveJson": true,
        "consoleReporter": "spec",
        "useInlineDiffs": false,
        "code": true
      },
      "version": "7.1.3"
    },
    "marge": {
      "options": {
        "reportTitle": "Cypress Test Report",
        "reportDir": "cypress/report",
        "overwrite": true,
        "html": true,
        "json": true,
        "embeddedScreenshots": true,
        "inlineAssets": true
      },
      "version": "6.2.0"
    }
  }
}