{
  "stats": {
    "suites": 1,
    "tests": 1,
    "passes": 0,
    "pending": 0,
    "failures": 1,
    "start": "2022-06-08T16:29:09.143Z",
    "end": "2022-06-08T16:29:23.146Z",
    "duration": 14003,
    "testsRegistered": 1,
    "passPercent": 0,
    "pendingPercent": 0,
    "other": 0,
    "hasOther": false,
    "skipped": 0,
    "hasSkipped": false
  },
  "results": [
    {
      "uuid": "1dd31c7c-cb0f-480e-b7c5-da1bd2c835d5",
      "title": "",
      "fullFile": "cypress\\e2e\\test2.cy.js",
      "file": "cypress\\e2e\\test2.cy.js",
      "beforeHooks": [],
      "afterHooks": [],
      "tests": [],
      "suites": [
        {
          "uuid": "4fd53ec0-4adc-4272-9c06-e6e4b50215a6",
          "title": "jenkins pipeline",
          "fullFile": "",
          "file": "",
          "beforeHooks": [],
          "afterHooks": [],
          "tests": [
            {
              "title": "simple test script",
              "fullTitle": "jenkins pipeline simple test script",
              "timedOut": null,
              "duration": 10598,
              "state": "failed",
              "speed": null,
              "pass": false,
              "fail": true,
              "pending": false,
              "context": "{\n  \"title\": \"cypress-mochawesome-reporter-screenshots\",\n  \"value\": [\n    [\n      {\n        \"title\": \"Failed screenshot\",\n        \"value\": \"\\\\test2.cy.js\\\\jenkins pipeline -- simple test script (failed).png\"\n      }\n    ]\n  ]\n}",
              "code": "cy.get(':nth-child(2) > :nth-child(1) > .card-up').click();\ncy.get(':nth-child(2) > .element-list > .menu-list > #item-0').click();\ncy.get('#firstame').type('test');\ncy.get('#lastName').type('test');\ncy.get('#userEmail').type('test.test@gmail.com');\ncy.get('#genterWrapper > .col-md-9 > :nth-child(1) > .custom-control-label').click();\ncy.get('#userNumber').type('7688879999');\ncy.get('#submit').click({\n  force: true\n});",
              "err": {
                "message": "AssertionError: Timed out retrying after 4000ms: Expected to find element: `#firstame`, but never found it.",
                "estack": "AssertionError: Timed out retrying after 4000ms: Expected to find element: `#firstame`, but never found it.\n    at Context.eval (https://demoqa.com/__cypress/tests?p=cypress\\e2e\\test2.cy.js:107:8)",
                "diff": null
              },
              "uuid": "952d1ef9-5ce3-4a05-be75-f9bae7c8c49e",
              "parentUUID": "4fd53ec0-4adc-4272-9c06-e6e4b50215a6",
              "isHook": false,
              "skipped": false
            }
          ],
          "suites": [],
          "passes": [],
          "failures": [
            "952d1ef9-5ce3-4a05-be75-f9bae7c8c49e"
          ],
          "pending": [],
          "skipped": [],
          "duration": 10598,
          "root": false,
          "rootEmpty": false,
          "_timeout": 2000
        }
      ],
      "passes": [],
      "failures": [],
      "pending": [],
      "skipped": [],
      "duration": 0,
      "root": true,
      "rootEmpty": true,
      "_timeout": 2000
    }
  ],
  "meta": {
    "mocha": {
      "version": "7.0.1"
    },
    "mochawesome": {
      "options": {
        "quiet": false,
        "reportFilename": "mochawesome",
        "saveHtml": false,
        "saveJson": true,
        "consoleReporter": "spec",
        "useInlineDiffs": false,
        "code": true
      },
      "version": "7.1.3"
    },
    "marge": {
      "options": {
        "reportDir": "cypress\\report\\.jsons",
        "charts": true,
        "reportPageTitle": "Cypress Test Report",
        "embeddedScreenshots": true,
        "overwrite": false,
        "html": false,
        "json": true
      },
      "version": "6.2.0"
    }
  }
}