{
  "stats": {
    "suites": 1,
    "tests": 1,
    "passes": 1,
    "pending": 0,
    "failures": 0,
    "start": "2022-06-08T15:53:25.033Z",
    "end": "2022-06-08T15:53:35.778Z",
    "duration": 10745,
    "testsRegistered": 1,
    "passPercent": 100,
    "pendingPercent": 0,
    "other": 0,
    "hasOther": false,
    "skipped": 0,
    "hasSkipped": false
  },
  "results": [
    {
      "uuid": "e01aa736-0ac6-48e3-822d-288225461d87",
      "title": "",
      "fullFile": "cypress\\e2e\\test2.cy.js",
      "file": "cypress\\e2e\\test2.cy.js",
      "beforeHooks": [],
      "afterHooks": [],
      "tests": [],
      "suites": [
        {
          "uuid": "1ba9f8d4-2962-4569-9bd5-bda47aab50e9",
          "title": "jenkins pipeline",
          "fullFile": "",
          "file": "",
          "beforeHooks": [],
          "afterHooks": [],
          "tests": [
            {
              "title": "simple test script",
              "fullTitle": "jenkins pipeline simple test script",
              "timedOut": null,
              "duration": 7906,
              "state": "passed",
              "speed": "medium",
              "pass": true,
              "fail": false,
              "pending": false,
              "context": null,
              "code": "cy.get(':nth-child(2) > :nth-child(1) > .card-up').click();\ncy.get(':nth-child(2) > .element-list > .menu-list > #item-0').click();\ncy.get('#firstName').type('test');\ncy.get('#lastName').type('test');\ncy.get('#userEmail').type('test.test@gmail.com');\ncy.get('#genterWrapper > .col-md-9 > :nth-child(1) > .custom-control-label').click();\ncy.get('#userNumber').type('7688879999');\ncy.get('#submit').click({\n  force: true\n});",
              "err": {},
              "uuid": "580e6318-ce53-4c52-9772-31019264d4f0",
              "parentUUID": "1ba9f8d4-2962-4569-9bd5-bda47aab50e9",
              "isHook": false,
              "skipped": false
            }
          ],
          "suites": [],
          "passes": [
            "580e6318-ce53-4c52-9772-31019264d4f0"
          ],
          "failures": [],
          "pending": [],
          "skipped": [],
          "duration": 7906,
          "root": false,
          "rootEmpty": false,
          "_timeout": 2000
        }
      ],
      "passes": [],
      "failures": [],
      "pending": [],
      "skipped": [],
      "duration": 0,
      "root": true,
      "rootEmpty": true,
      "_timeout": 2000
    }
  ],
  "meta": {
    "mocha": {
      "version": "7.0.1"
    },
    "mochawesome": {
      "options": {
        "quiet": false,
        "reportFilename": "mochawesome",
        "saveHtml": false,
        "saveJson": true,
        "consoleReporter": "spec",
        "useInlineDiffs": false,
        "code": true
      },
      "version": "7.1.3"
    },
    "marge": {
      "options": {
        "reportDir": "cypress\\report\\.jsons",
        "charts": true,
        "reportPageTitle": "Cypress Test Report",
        "embeddedScreenshots": true,
        "overwrite": false,
        "html": false,
        "json": true
      },
      "version": "6.2.0"
    }
  }
}