{
  "stats": {
    "suites": 1,
    "tests": 2,
    "passes": 1,
    "pending": 0,
    "failures": 1,
    "start": "2022-06-13T14:51:05.214Z",
    "end": "2022-06-13T14:51:22.841Z",
    "duration": 17627,
    "testsRegistered": 2,
    "passPercent": 50,
    "pendingPercent": 0,
    "other": 0,
    "hasOther": false,
    "skipped": 0,
    "hasSkipped": false
  },
  "results": [
    {
      "uuid": "5e2c5904-4157-457b-ba23-173e0b55d095",
      "title": "",
      "fullFile": "cypress\\e2e\\test2.cy.js",
      "file": "cypress\\e2e\\test2.cy.js",
      "beforeHooks": [],
      "afterHooks": [],
      "tests": [],
      "suites": [
        {
          "uuid": "d3c63017-9a4b-4386-87d2-29dbecac0bd1",
          "title": "jenkins pipeline",
          "fullFile": "",
          "file": "",
          "beforeHooks": [],
          "afterHooks": [],
          "tests": [
            {
              "title": "simple test script",
              "fullTitle": "jenkins pipeline simple test script",
              "timedOut": null,
              "duration": 7744,
              "state": "passed",
              "speed": "medium",
              "pass": true,
              "fail": false,
              "pending": false,
              "context": null,
              "code": "cy.get(':nth-child(2) > :nth-child(1) > .card-up').click();\ncy.get(':nth-child(2) > .element-list > .menu-list > #item-0').click();\ncy.get('#firstName').type('test');\ncy.get('#lastName').type('test');\ncy.get('#userEmail').type('test.test@gmail.com');\ncy.get('#genterWrapper > .col-md-9 > :nth-child(1) > .custom-control-label').click();\ncy.get('#userNumber').type('7688879999');\ncy.get('#submit').click({\n  force: true\n});",
              "err": {},
              "uuid": "622a0778-3fd7-42ea-822f-9f57e0ae759d",
              "parentUUID": "d3c63017-9a4b-4386-87d2-29dbecac0bd1",
              "isHook": false,
              "skipped": false
            },
            {
              "title": "simple test script",
              "fullTitle": "jenkins pipeline simple test script",
              "timedOut": null,
              "duration": 7318,
              "state": "failed",
              "speed": null,
              "pass": false,
              "fail": true,
              "pending": false,
              "context": null,
              "code": "cy.get(':nth-child(2) > :nth-child(1) > .card-up').click();\ncy.get(':nth-child(2) > .element-list > .menu-list > #item-0').click();\ncy.get('#firstame').type('test');\ncy.get('#lastName').type('test');\ncy.get('#userEmail').type('test.test@gmail.com');\ncy.get('#genterWrapper > .col-md-9 > :nth-child(1) > .custom-control-label').click();\ncy.get('#userNumber').type('7688879999');\ncy.get('#submit').click({\n  force: true\n});",
              "err": {
                "message": "AssertionError: Timed out retrying after 4000ms: Expected to find element: `#firstame`, but never found it.",
                "estack": "AssertionError: Timed out retrying after 4000ms: Expected to find element: `#firstame`, but never found it.\n    at Context.eval (https://demoqa.com/__cypress/tests?p=cypress\\e2e\\test2.cy.js:119:8)",
                "diff": null
              },
              "uuid": "d09e4a34-5e80-4afa-a606-c91dbfb96f88",
              "parentUUID": "d3c63017-9a4b-4386-87d2-29dbecac0bd1",
              "isHook": false,
              "skipped": false
            }
          ],
          "suites": [],
          "passes": [
            "622a0778-3fd7-42ea-822f-9f57e0ae759d"
          ],
          "failures": [
            "d09e4a34-5e80-4afa-a606-c91dbfb96f88"
          ],
          "pending": [],
          "skipped": [],
          "duration": 15062,
          "root": false,
          "rootEmpty": false,
          "_timeout": 2000
        }
      ],
      "passes": [],
      "failures": [],
      "pending": [],
      "skipped": [],
      "duration": 0,
      "root": true,
      "rootEmpty": true,
      "_timeout": 2000
    }
  ],
  "meta": {
    "mocha": {
      "version": "7.0.1"
    },
    "mochawesome": {
      "options": {
        "quiet": false,
        "reportFilename": "mochawesome",
        "saveHtml": false,
        "saveJson": true,
        "consoleReporter": "spec",
        "useInlineDiffs": false,
        "code": true
      },
      "version": "7.1.3"
    },
    "marge": {
      "options": {
        "screenshotOnRunFailure": true,
        "reportDir": "cypress/results",
        "overwrite": true,
        "html": false,
        "json": true,
        "embeddedScreenshots": true,
        "inlineAssets": true
      },
      "version": "6.2.0"
    }
  }
}